2025-04-19 19:53:57,699 - SolarSimulator - INFO - No config file provided or file not found. Using default configuration
2025-04-19 19:53:57,699 - SolarSimulator - INFO - Saved default configuration to default_config.json
2025-04-19 19:53:57,699 - SolarSimulator - INFO - Loaded configuration: Solar Installation Simulator
2025-04-19 19:53:57,699 - EnergySimulator - INFO - Energy simulator initialized for installation SIM-6621
2025-04-19 19:53:57,699 - HeartbeatSimulator - INFO - Heartbeat simulator initialized for installation SIM-6621, device INVERTER-1
2025-04-19 19:53:57,699 - TamperSimulator - INFO - Tamper simulator initialized for installation SIM-6621
2025-04-19 19:53:57,699 - CommandHandler - INFO - Command handler initialized for installation SIM-6621
2025-04-19 19:53:57,699 - EnergySimulator - INFO - Energy simulator initialized for installation SIM-6621
2025-04-19 19:53:57,699 - HeartbeatSimulator - INFO - Heartbeat simulator initialized for installation SIM-6621, device INVERTER-1
2025-04-19 19:53:57,699 - TamperSimulator - INFO - Tamper simulator initialized for installation SIM-6621
2025-04-19 19:53:57,699 - CommandHandler - INFO - Command handler initialized for installation SIM-6621
2025-04-19 19:53:57,699 - SolarSimulator - INFO - Starting simulation: Solar Installation Simulator
2025-04-19 19:53:57,699 - SolarSimulator - INFO - Installation ID: SIM-6621
2025-04-19 19:53:57,699 - SolarSimulator - INFO - Server URL: http://localhost:8080
2025-04-19 19:53:57,700 - EnergySimulator - INFO - Starting energy data simulation
2025-04-19 19:53:57,700 - SolarSimulator - INFO - Energy simulation started
2025-04-19 19:53:57,700 - HeartbeatSimulator - INFO - Starting heartbeat simulation
2025-04-19 19:53:57,700 - SolarSimulator - INFO - Heartbeat simulation started
2025-04-19 19:53:57,700 - TamperSimulator - INFO - Starting tamper event simulation
2025-04-19 19:53:57,700 - SolarSimulator - INFO - Tamper simulation started
2025-04-19 19:53:57,701 - CommandHandler - INFO - Starting command listener
2025-04-19 19:53:57,701 - SolarSimulator - INFO - Command handler started
2025-04-19 19:53:57,701 - SolarSimulator - INFO - Simulation running with 4 active components
2025-04-19 19:53:57,709 - CommandHandler - WARNING - Failed to poll for commands: 401 - 
2025-04-19 19:53:57,709 - EnergySimulator - WARNING - Failed to send energy data: 401 - 
2025-04-19 19:53:57,710 - HeartbeatSimulator - WARNING - Failed to send heartbeat for device INVERTER-1: 401 - 
2025-04-19 19:54:07,724 - EnergySimulator - WARNING - Failed to send energy data: 401 - 
2025-04-19 19:54:07,725 - CommandHandler - WARNING - Failed to poll for commands: 401 - 
2025-04-19 19:54:17,736 - EnergySimulator - WARNING - Failed to send energy data: 401 - 
2025-04-19 19:54:17,737 - CommandHandler - WARNING - Failed to poll for commands: 401 - 
2025-04-19 19:54:27,725 - HeartbeatSimulator - WARNING - Failed to send heartbeat for device INVERTER-1: 401 - 
2025-04-19 19:54:27,747 - EnergySimulator - WARNING - Failed to send energy data: 401 - 
2025-04-19 19:54:27,748 - CommandHandler - WARNING - Failed to poll for commands: 401 - 
2025-04-19 19:54:37,759 - CommandHandler - WARNING - Failed to poll for commands: 401 - 
2025-04-19 19:54:37,759 - EnergySimulator - WARNING - Failed to send energy data: 401 - 
2025-04-19 19:54:47,771 - EnergySimulator - WARNING - Failed to send energy data: 401 - 
2025-04-19 19:54:47,771 - CommandHandler - WARNING - Failed to poll for commands: 401 - 
2025-04-19 19:54:52,766 - SolarSimulator - INFO - Received signal 2, shutting down...
2025-04-19 19:54:52,766 - SolarSimulator - INFO - Stopping simulation...
2025-04-19 19:54:54,772 - SolarSimulator - WARNING - Thread EnergySimulator did not terminate gracefully
2025-04-19 19:54:56,777 - SolarSimulator - WARNING - Thread HeartbeatSimulator did not terminate gracefully
2025-04-19 19:54:57,776 - SolarSimulator - INFO - Simulation stopped
2025-04-19 19:54:57,777 - SolarSimulator - WARNING - Simulation not running
2025-04-19 19:55:08,356 - SolarSimulator - INFO - No config file provided or file not found. Using default configuration
2025-04-19 19:55:08,357 - SolarSimulator - INFO - Saved default configuration to default_config.json
2025-04-19 19:55:08,357 - SolarSimulator - INFO - Loaded configuration: Solar Installation Simulator
2025-04-19 19:55:08,357 - EnergySimulator - INFO - Energy simulator initialized for installation SIM-1860
2025-04-19 19:55:08,357 - HeartbeatSimulator - INFO - Heartbeat simulator initialized for installation SIM-1860, device INVERTER-1
2025-04-19 19:55:08,357 - TamperSimulator - INFO - Tamper simulator initialized for installation SIM-1860
2025-04-19 19:55:08,357 - CommandHandler - INFO - Command handler initialized for installation SIM-1860
2025-04-19 19:55:08,357 - EnergySimulator - INFO - Energy simulator initialized for installation SIM-1860
2025-04-19 19:55:08,357 - HeartbeatSimulator - INFO - Heartbeat simulator initialized for installation SIM-1860, device INVERTER-1
2025-04-19 19:55:08,357 - TamperSimulator - INFO - Tamper simulator initialized for installation SIM-1860
2025-04-19 19:55:08,357 - CommandHandler - INFO - Command handler initialized for installation SIM-1860
2025-04-19 19:55:08,357 - SolarSimulator - INFO - Starting simulation: Solar Installation Simulator
2025-04-19 19:55:08,357 - SolarSimulator - INFO - Installation ID: SIM-1860
2025-04-19 19:55:08,357 - SolarSimulator - INFO - Server URL: http://localhost:8080
2025-04-19 19:55:08,357 - EnergySimulator - INFO - Starting energy data simulation
2025-04-19 19:55:08,357 - SolarSimulator - INFO - Energy simulation started
2025-04-19 19:55:08,358 - HeartbeatSimulator - INFO - Starting heartbeat simulation
2025-04-19 19:55:08,358 - SolarSimulator - INFO - Heartbeat simulation started
2025-04-19 19:55:08,358 - TamperSimulator - INFO - Starting tamper event simulation
2025-04-19 19:55:08,358 - SolarSimulator - INFO - Tamper simulation started
2025-04-19 19:55:08,358 - CommandHandler - INFO - Starting command listener
2025-04-19 19:55:08,358 - SolarSimulator - INFO - Command handler started
2025-04-19 19:55:08,358 - SolarSimulator - INFO - Simulation running with 4 active components
2025-04-19 19:55:08,364 - HeartbeatSimulator - WARNING - Failed to send heartbeat for device INVERTER-1: 401 - 
2025-04-19 19:55:08,364 - EnergySimulator - WARNING - Failed to send energy data: 401 - 
2025-04-19 19:55:08,364 - CommandHandler - WARNING - Failed to poll for commands: 401 - 
2025-04-19 19:55:18,375 - CommandHandler - WARNING - Failed to poll for commands: 401 - 
2025-04-19 19:55:18,376 - EnergySimulator - WARNING - Failed to send energy data: 401 - 
2025-04-19 19:55:27,744 - SolarSimulator - INFO - Received signal 2, shutting down...
2025-04-19 19:55:27,745 - SolarSimulator - INFO - Stopping simulation...
2025-04-19 19:55:30,386 - SolarSimulator - WARNING - Thread HeartbeatSimulator did not terminate gracefully
2025-04-19 19:55:30,387 - SolarSimulator - INFO - Simulation stopped
2025-04-19 19:55:30,387 - SolarSimulator - WARNING - Simulation not running
2025-04-19 19:55:34,936 - SolarSimulator - INFO - No config file provided or file not found. Using default configuration
2025-04-19 19:55:34,937 - SolarSimulator - INFO - Saved default configuration to default_config.json
2025-04-19 19:55:34,937 - SolarSimulator - INFO - Loaded configuration: Solar Installation Simulator
2025-04-19 19:55:34,937 - EnergySimulator - INFO - Energy simulator initialized for installation SIM-3981
2025-04-19 19:55:34,937 - HeartbeatSimulator - INFO - Heartbeat simulator initialized for installation SIM-3981, device INVERTER-1
2025-04-19 19:55:34,937 - TamperSimulator - INFO - Tamper simulator initialized for installation SIM-3981
2025-04-19 19:55:34,937 - CommandHandler - INFO - Command handler initialized for installation SIM-3981
2025-04-19 19:55:34,937 - EnergySimulator - INFO - Energy simulator initialized for installation SIM-3981
2025-04-19 19:55:34,937 - HeartbeatSimulator - INFO - Heartbeat simulator initialized for installation SIM-3981, device INVERTER-1
2025-04-19 19:55:34,937 - TamperSimulator - INFO - Tamper simulator initialized for installation SIM-3981
2025-04-19 19:55:34,937 - CommandHandler - INFO - Command handler initialized for installation SIM-3981
2025-04-19 19:55:34,937 - SolarSimulator - INFO - Starting simulation: Solar Installation Simulator
2025-04-19 19:55:34,937 - SolarSimulator - INFO - Installation ID: SIM-3981
2025-04-19 19:55:34,937 - SolarSimulator - INFO - Server URL: http://localhost:8080
2025-04-19 19:55:34,937 - EnergySimulator - INFO - Starting energy data simulation
2025-04-19 19:55:34,937 - SolarSimulator - INFO - Energy simulation started
2025-04-19 19:55:34,937 - HeartbeatSimulator - INFO - Starting heartbeat simulation
2025-04-19 19:55:34,937 - SolarSimulator - INFO - Heartbeat simulation started
2025-04-19 19:55:34,937 - TamperSimulator - INFO - Starting tamper event simulation
2025-04-19 19:55:34,938 - SolarSimulator - INFO - Tamper simulation started
2025-04-19 19:55:34,938 - CommandHandler - INFO - Starting command listener
2025-04-19 19:55:34,938 - SolarSimulator - INFO - Command handler started
2025-04-19 19:55:34,938 - SolarSimulator - INFO - Simulation running with 4 active components
2025-04-19 19:55:34,944 - EnergySimulator - WARNING - Failed to send energy data: 401 - 
2025-04-19 19:55:34,944 - HeartbeatSimulator - WARNING - Failed to send heartbeat for device INVERTER-1: 401 - 
2025-04-19 19:55:34,944 - CommandHandler - WARNING - Failed to poll for commands: 401 - 
2025-04-19 19:55:44,961 - EnergySimulator - WARNING - Failed to send energy data: 401 - 
2025-04-19 19:55:44,961 - CommandHandler - WARNING - Failed to poll for commands: 401 - 
2025-04-19 19:55:54,977 - CommandHandler - WARNING - Failed to poll for commands: 401 - 
2025-04-19 19:55:54,978 - EnergySimulator - WARNING - Failed to send energy data: 401 - 
2025-04-19 19:56:04,960 - HeartbeatSimulator - WARNING - Failed to send heartbeat for device INVERTER-1: 401 - 
2025-04-19 19:56:04,984 - CommandHandler - WARNING - Failed to poll for commands: 401 - 
2025-04-19 19:56:04,985 - EnergySimulator - WARNING - Failed to send energy data: 401 - 
2025-04-19 19:56:15,000 - CommandHandler - WARNING - Failed to poll for commands: 401 - 
2025-04-19 19:56:15,001 - EnergySimulator - WARNING - Failed to send energy data: 401 - 
2025-04-19 19:56:25,017 - CommandHandler - WARNING - Failed to poll for commands: 401 - 
2025-04-19 19:56:25,018 - EnergySimulator - WARNING - Failed to send energy data: 401 - 
2025-04-19 19:56:34,974 - HeartbeatSimulator - WARNING - Failed to send heartbeat for device INVERTER-1: 401 - 
2025-04-19 19:56:35,026 - EnergySimulator - WARNING - Failed to send energy data: 401 - 
2025-04-19 19:56:35,027 - CommandHandler - WARNING - Failed to poll for commands: 401 - 
2025-04-19 19:56:45,040 - CommandHandler - WARNING - Failed to poll for commands: 401 - 
2025-04-19 19:56:45,041 - EnergySimulator - WARNING - Failed to send energy data: 401 - 
2025-04-19 19:56:55,057 - EnergySimulator - WARNING - Failed to send energy data: 401 - 
2025-04-19 19:56:55,057 - CommandHandler - WARNING - Failed to poll for commands: 401 - 
2025-04-19 19:57:04,990 - HeartbeatSimulator - WARNING - Failed to send heartbeat for device INVERTER-1: 401 - 
2025-04-19 19:57:05,064 - EnergySimulator - WARNING - Failed to send energy data: 401 - 
2025-04-19 19:57:05,065 - CommandHandler - WARNING - Failed to poll for commands: 401 - 
2025-04-19 19:57:15,082 - EnergySimulator - WARNING - Failed to send energy data: 401 - 
2025-04-19 19:57:15,083 - CommandHandler - WARNING - Failed to poll for commands: 401 - 
2025-04-19 19:57:18,253 - SolarSimulator - INFO - Received signal 2, shutting down...
2025-04-19 19:57:18,254 - SolarSimulator - INFO - Stopping simulation...
2025-04-19 19:57:20,259 - SolarSimulator - WARNING - Thread EnergySimulator did not terminate gracefully
2025-04-19 19:57:22,264 - SolarSimulator - WARNING - Thread HeartbeatSimulator did not terminate gracefully
2025-04-19 19:57:24,265 - SolarSimulator - WARNING - Thread CommandHandler did not terminate gracefully
2025-04-19 19:57:24,265 - SolarSimulator - INFO - Simulation stopped
2025-04-19 19:57:24,265 - SolarSimulator - WARNING - Simulation not running
2025-04-28 17:38:00,735 - SolarSimulator - INFO - Loaded configuration from config.json
2025-04-28 17:38:00,735 - SolarSimulator - INFO - Loaded configuration: Raspberry Pi Solar Installation Demo
2025-04-28 17:38:00,735 - AuthHelper - INFO - Authenticating user customer1@solar.com with server...
2025-04-28 17:38:00,807 - AuthHelper - INFO - Authentication successful. Token acquired.
2025-04-28 17:38:00,807 - SolarSimulator - INFO - Authentication enabled: True
2025-04-28 17:38:00,807 - AuthHelper - INFO - Authenticating user customer1@solar.com with server...
2025-04-28 17:38:00,874 - AuthHelper - INFO - Authentication successful. Token acquired.
2025-04-28 17:38:00,874 - EnergySimulator - INFO - Energy simulator initialized for installation 1
2025-04-28 17:38:00,874 - HeartbeatSimulator - INFO - Heartbeat simulator initialized for installation 1, device RPi-INVERTER-01
2025-04-28 17:38:00,874 - TamperSimulator - INFO - Tamper simulator initialized for installation 1
2025-04-28 17:38:00,874 - CommandHandler - INFO - Command handler initialized for installation 1 with service state: ACTIVE
2025-04-28 17:38:00,874 - AuthHelper - INFO - Authenticating user customer1@solar.com with server...
2025-04-28 17:38:00,940 - AuthHelper - INFO - Authentication successful. Token acquired.
2025-04-28 17:38:00,940 - SolarSimulator - INFO - Authentication enabled: True
2025-04-28 17:38:00,940 - AuthHelper - INFO - Authenticating user customer1@solar.com with server...
2025-04-28 17:38:01,006 - AuthHelper - INFO - Authentication successful. Token acquired.
2025-04-28 17:38:01,006 - EnergySimulator - INFO - Energy simulator initialized for installation 1
2025-04-28 17:38:01,006 - HeartbeatSimulator - INFO - Heartbeat simulator initialized for installation 1, device RPi-INVERTER-01
2025-04-28 17:38:01,006 - TamperSimulator - INFO - Tamper simulator initialized for installation 1
2025-04-28 17:38:01,006 - CommandHandler - INFO - Loaded service state: {'status': 'ACTIVE', 'last_updated': '2025-04-28T17:38:00.874249', 'reason': 'Initial state', 'last_command_id': None}
2025-04-28 17:38:01,007 - CommandHandler - INFO - Command handler initialized for installation 1 with service state: ACTIVE
2025-04-28 17:38:01,007 - SolarSimulator - INFO - Starting simulation: Raspberry Pi Solar Installation Demo
2025-04-28 17:38:01,007 - SolarSimulator - INFO - Installation ID: 1
2025-04-28 17:38:01,007 - SolarSimulator - INFO - Server URL: http://localhost:8080
2025-04-28 17:38:01,007 - EnergySimulator - INFO - Starting energy data simulation
2025-04-28 17:38:01,007 - SolarSimulator - INFO - Energy simulation started
2025-04-28 17:38:01,007 - HeartbeatSimulator - INFO - Starting heartbeat simulation
2025-04-28 17:38:01,007 - SolarSimulator - INFO - Heartbeat simulation started
2025-04-28 17:38:01,007 - TamperSimulator - INFO - Starting tamper event simulation
2025-04-28 17:38:01,008 - SolarSimulator - INFO - Tamper simulation started
2025-04-28 17:38:01,008 - CommandHandler - INFO - Starting command listener
2025-04-28 17:38:01,008 - SolarSimulator - INFO - Command handler started
2025-04-28 17:38:01,008 - SolarSimulator - INFO - Simulation running with 4 active components
2025-04-28 17:40:16,072 - EnergySimulator - INFO - Weather changed from SUNNY to PARTLY_CLOUDY
2025-04-28 17:40:45,350 - TamperSimulator - INFO - Triggering physical tamper event: {'movementValue': 3.9023262046053193, 'rawData': '{"timestamp": "2025-04-28T17:40:45.350386", "sensor": "accelerometer", "x": 3.223892536394453, "y": 4.843918618862918, "z": 4.295076139274612, "vectorMagnitude": 3.9023262046053193, "normalThreshold": 0.5, "sampleRate": "100Hz", "deviceOrientation": "tilted", "vibrationDuration": 0.709325912196461}'}
2025-04-28 17:40:45,359 - TamperSimulator - ERROR - Failed to send physical tamper event. Status: 403, Response: {"details":"Access Denied","message":"You do not have permission to access this resource","error":"Access Denied","status":"FORBIDDEN"}
2025-04-28 17:43:16,077 - HeartbeatSimulator - INFO - Simulating error condition: E003 - Configuration file corrupted
2025-04-28 17:43:31,175 - EnergySimulator - INFO - Weather changed from PARTLY_CLOUDY to CLOUDY
2025-04-28 17:44:46,099 - HeartbeatSimulator - INFO - Error condition E003 resolved
2025-04-28 17:48:46,347 - EnergySimulator - INFO - Weather changed from CLOUDY to PARTLY_CLOUDY
2025-04-28 18:00:13,655 - HeartbeatSimulator - INFO - Simulating error condition: E003 - Configuration file corrupted
2025-04-28 18:01:43,675 - HeartbeatSimulator - INFO - Error condition E003 resolved
2025-04-28 18:03:44,038 - EnergySimulator - INFO - Weather changed from PARTLY_CLOUDY to CLOUDY
2025-04-28 18:03:58,702 - HeartbeatSimulator - INFO - Simulating error condition: E008 - Voltage sensor calibration error
2025-04-28 18:04:29,065 - EnergySimulator - INFO - Weather changed from CLOUDY to RAINY
2025-04-28 18:05:28,720 - HeartbeatSimulator - INFO - Error condition E008 resolved
2025-04-28 18:15:13,826 - HeartbeatSimulator - INFO - Simulating error condition: E010 - Internal fan failure
2025-04-28 18:16:43,843 - HeartbeatSimulator - INFO - Error condition E010 resolved
2025-04-28 18:19:29,561 - EnergySimulator - INFO - Weather changed from RAINY to CLOUDY
2025-04-28 18:22:14,657 - EnergySimulator - INFO - Weather changed from CLOUDY to RAINY
2025-04-28 18:29:14,882 - EnergySimulator - INFO - Weather changed from RAINY to CLOUDY
2025-04-28 18:31:14,943 - EnergySimulator - INFO - Weather changed from CLOUDY to RAINY
2025-04-29 01:29:32,275 - TamperSimulator - INFO - Triggering connection tamper event: {'connected': False, 'rawData': '{"timestamp": "2025-04-29T01:29:32.275908", "sensor": "connectionMonitor", "connected": false, "lastConnectedTime": 1745882832035.5315, "connectionType": "Ethernet", "signalStrength": 0, "disconnectReason": "SIGNAL_LOSS", "attemptedReconnects": 3}'}
2025-04-29 08:58:35,896 - SolarSimulator - INFO - Received signal 2, shutting down...
2025-04-29 08:58:35,897 - SolarSimulator - INFO - Stopping simulation...
2025-04-29 08:58:37,897 - SolarSimulator - WARNING - Thread EnergySimulator did not terminate gracefully
2025-04-29 08:58:39,902 - SolarSimulator - WARNING - Thread HeartbeatSimulator did not terminate gracefully
2025-04-29 08:58:41,902 - SolarSimulator - WARNING - Thread TamperSimulator did not terminate gracefully
2025-04-29 08:58:43,903 - SolarSimulator - WARNING - Thread CommandHandler did not terminate gracefully
2025-04-29 08:58:43,903 - SolarSimulator - INFO - Simulation stopped
2025-04-29 08:58:43,903 - SolarSimulator - WARNING - Simulation not running
2025-04-29 09:05:03,345 - SolarSimulator - INFO - Loaded configuration from config.json
2025-04-29 09:05:03,345 - SolarSimulator - INFO - Loaded configuration: Raspberry Pi Solar Installation Demo
2025-04-29 09:05:03,345 - AuthHelper - INFO - Authenticating user customer1@solar.com with server...
2025-04-29 09:05:03,417 - AuthHelper - INFO - Authentication successful. Token acquired.
2025-04-29 09:05:03,417 - SolarSimulator - INFO - Authentication enabled: True
2025-04-29 09:05:03,417 - AuthHelper - INFO - Authenticating user customer1@solar.com with server...
2025-04-29 09:05:03,483 - AuthHelper - INFO - Authentication successful. Token acquired.
2025-04-29 09:05:03,483 - EnergySimulator - INFO - Energy simulator initialized for installation 1
2025-04-29 09:05:03,483 - HeartbeatSimulator - INFO - Heartbeat simulator initialized for installation 1, device RPi-INVERTER-01
2025-04-29 09:05:03,483 - TamperSimulator - INFO - Tamper simulator initialized for installation 1
2025-04-29 09:05:03,484 - CommandHandler - INFO - Loaded service state: {'status': 'ACTIVE', 'last_updated': '2025-04-28T17:38:00.874249', 'reason': 'Initial state', 'last_command_id': None}
2025-04-29 09:05:03,484 - CommandHandler - INFO - Command handler initialized for installation 1 with service state: ACTIVE
2025-04-29 09:05:03,484 - AuthHelper - INFO - Authenticating user customer1@solar.com with server...
2025-04-29 09:05:03,550 - AuthHelper - INFO - Authentication successful. Token acquired.
2025-04-29 09:05:03,550 - SolarSimulator - INFO - Authentication enabled: True
2025-04-29 09:05:03,550 - AuthHelper - INFO - Authenticating user customer1@solar.com with server...
2025-04-29 09:05:03,615 - AuthHelper - INFO - Authentication successful. Token acquired.
2025-04-29 09:05:03,615 - EnergySimulator - INFO - Energy simulator initialized for installation 1
2025-04-29 09:05:03,616 - HeartbeatSimulator - INFO - Heartbeat simulator initialized for installation 1, device RPi-INVERTER-01
2025-04-29 09:05:03,616 - TamperSimulator - INFO - Tamper simulator initialized for installation 1
2025-04-29 09:05:03,616 - CommandHandler - INFO - Loaded service state: {'status': 'ACTIVE', 'last_updated': '2025-04-28T17:38:00.874249', 'reason': 'Initial state', 'last_command_id': None}
2025-04-29 09:05:03,616 - CommandHandler - INFO - Command handler initialized for installation 1 with service state: ACTIVE
2025-04-29 09:05:03,616 - SolarSimulator - INFO - Starting simulation: Raspberry Pi Solar Installation Demo
2025-04-29 09:05:03,616 - SolarSimulator - INFO - Installation ID: 1
2025-04-29 09:05:03,616 - SolarSimulator - INFO - Server URL: http://localhost:8080
2025-04-29 09:05:03,616 - EnergySimulator - INFO - Starting energy data simulation
2025-04-29 09:05:03,616 - SolarSimulator - INFO - Energy simulation started
2025-04-29 09:05:03,616 - HeartbeatSimulator - INFO - Starting heartbeat simulation
2025-04-29 09:05:03,616 - SolarSimulator - INFO - Heartbeat simulation started
2025-04-29 09:05:03,616 - TamperSimulator - INFO - Starting tamper event simulation
2025-04-29 09:05:03,616 - SolarSimulator - INFO - Tamper simulation started
2025-04-29 09:05:03,617 - CommandHandler - INFO - Starting command listener
2025-04-29 09:05:03,617 - SolarSimulator - INFO - Command handler started
2025-04-29 09:05:03,617 - SolarSimulator - INFO - Simulation running with 4 active components
2025-04-29 09:11:03,813 - EnergySimulator - INFO - Weather changed from SUNNY to CLOUDY
2025-04-29 09:12:18,847 - EnergySimulator - INFO - Weather changed from CLOUDY to STORMY
2025-04-29 09:13:18,709 - HeartbeatSimulator - INFO - Simulating error condition: E004 - Memory allocation failure
2025-04-29 09:14:48,727 - HeartbeatSimulator - INFO - Error condition E004 resolved
2025-04-29 09:17:49,035 - CommandHandler - INFO - Received 1 new commands
2025-04-29 09:17:49,035 - CommandHandler - INFO - Processing command 1 of type unknown for device unknown
2025-04-29 09:17:53,865 - CommandHandler - WARNING - Unknown command type: unknown
2025-04-29 09:17:53,865 - CommandHandler - INFO - Command 1 executed successfully
2025-04-29 09:18:53,909 - CommandHandler - INFO - Received 1 new commands
2025-04-29 09:18:53,909 - CommandHandler - INFO - Processing command 2 of type unknown for device unknown
2025-04-29 09:18:58,108 - CommandHandler - WARNING - Unknown command type: unknown
2025-04-29 09:18:58,108 - CommandHandler - INFO - Command 2 executed successfully
2025-04-29 09:20:48,803 - HeartbeatSimulator - INFO - Simulating error condition: E005 - Persistent storage error
2025-04-29 09:20:58,179 - CommandHandler - INFO - Received 1 new commands
2025-04-29 09:20:58,179 - CommandHandler - INFO - Processing command 3 of type unknown for device unknown
2025-04-29 09:21:02,643 - CommandHandler - WARNING - Unknown command type: unknown
2025-04-29 09:21:02,643 - CommandHandler - INFO - Command 3 executed successfully
2025-04-29 09:22:18,819 - HeartbeatSimulator - INFO - Error condition E005 resolved
